<?xml version="1.0" encoding="UTF-8"?>
<!-- Generated by org.testng.reporters.JUnitReportReporter -->
<testsuite hostname="LAPTOP-T5HRFLI1" failures="0" tests="1" name="hello.NewTest" time="0.014" errors="0" timestamp="2023-02-28T12:39:51 IST" skipped="0">
  <testcase classname="hello.NewTest" name="f" time="0.014"/>
  <system-out/>
</testsuite> <!-- hello.NewTest -->
